[2024-03-29 09:04:53] [info] Start Program:
Path:"C:\Users\anama\source\repos\OOP-Lab5\x64\Debug\OOP-Lab5.exe"
Arguments:
Working directory: "C:\Users\anama\source\repos\OOP-Lab5\OOP-Lab5\"
Modules: Selected: C:\Users\anama\source\repos\OOP-Lab5\x64\Debug\OOP-Lab5.exe Excluded: 
Sources: Selected: C:\Users\anama\source\repos\OOP-Lab5\OOP-Lab5 Excluded: 
Log Level: Normal
Cover Children: 0
Aggregate by file: 1
Continue after C++ exception: 0
Optimized build support: 0
Export: Binary C:\Users\anama\AppData\Local\Temp\2emzgqiq.aqe 
Input coverage: 
Unified diff: 
Excluded line regular expressions: 
Substitute pdb source paths: 

[2024-03-29 09:04:53] [info] Module: C:\Users\anama\source\repos\OOP-Lab5\x64\Debug\OOP-Lab5.exe is selected because it matches selected pattern: C:\Users\anama\source\repos\OOP-Lab5\x64\Debug\OOP-Lab5.exe
[2024-03-29 09:04:53] [info] ----------------------------------------------------
[2024-03-29 09:04:53] [info] Coverage binary generated in file: C:\Users\anama\AppData\Local\Temp\2emzgqiq.aqe
[2024-03-29 09:04:53] [info] ----------------------------------------------------
