[2024-05-09 18:08:41] [info] Start Program:
Path:"C:\Users\anama\source\repos\lab9\x64\Debug\lab9.exe"
Arguments:
Working directory: "C:\Users\anama\source\repos\lab9\lab9\"
Modules: Selected: C:\Users\anama\source\repos\lab9\x64\Debug\lab9.exe Excluded: 
Sources: Selected: C:\Users\anama\source\repos\lab9\lab9 Excluded: 
Log Level: Normal
Cover Children: 0
Aggregate by file: 1
Continue after C++ exception: 0
Optimized build support: 0
Export: Binary C:\Users\anama\AppData\Local\Temp\vkid44fz.xin 
Input coverage: 
Unified diff: 
Excluded line regular expressions: 
Substitute pdb source paths: 

[2024-05-09 18:08:41] [info] Module: C:\Users\anama\source\repos\lab9\x64\Debug\lab9.exe is selected because it matches selected pattern: C:\Users\anama\source\repos\lab9\x64\Debug\lab9.exe
[2024-05-09 18:08:41] [info] ----------------------------------------------------
[2024-05-09 18:08:41] [info] Coverage binary generated in file: C:\Users\anama\AppData\Local\Temp\vkid44fz.xin
[2024-05-09 18:08:41] [info] ----------------------------------------------------
