[2024-03-29 08:59:07] [info] Start Program:
Path:"C:\Users\anama\source\repos\Lab 2-4\x64\Debug\Lab 2-4.exe"
Arguments:
Working directory: "C:\Users\anama\source\repos\Lab 2-4\Lab 2-4\"
Modules: Selected: C:\Users\anama\source\repos\Lab 2-4\x64\Debug\Lab 2-4.exe Excluded: 
Sources: Selected: C:\Users\anama\source\repos\Lab 2-4\Lab 2-4 Excluded: 
Log Level: Normal
Cover Children: 0
Aggregate by file: 1
Continue after C++ exception: 0
Optimized build support: 0
Export: Binary C:\Users\anama\AppData\Local\Temp\faf5xsbp.kqe 
Input coverage: 
Unified diff: 
Excluded line regular expressions: 
Substitute pdb source paths: 

[2024-03-29 08:59:07] [info] Module: C:\Users\anama\source\repos\Lab 2-4\x64\Debug\Lab 2-4.exe is selected because it matches selected pattern: C:\Users\anama\source\repos\Lab 2-4\x64\Debug\Lab 2-4.exe
[2024-03-29 08:59:07] [info] ----------------------------------------------------
[2024-03-29 08:59:07] [info] Coverage binary generated in file: C:\Users\anama\AppData\Local\Temp\faf5xsbp.kqe
[2024-03-29 08:59:07] [info] ----------------------------------------------------
